{"/Users/kylehouston/Documents/dev/pauhana-media/src/config.ts": {"path":"/Users/kylehouston/Documents/dev/pauhana-media/src/config.ts","statementMap":{"0":{"start":{"line":3,"column":17},"end":{"line":3,"column":null}},"1":{"start":{"line":6,"column":18},"end":{"line":6,"column":59}},"2":{"start":{"line":6,"column":41},"end":{"line":6,"column":59}},"3":{"start":{"line":7,"column":2},"end":{"line":8,"column":null}},"4":{"start":{"line":8,"column":4},"end":{"line":8,"column":null}},"5":{"start":{"line":12,"column":22},"end":{"line":22,"column":null}}},"fnMap":{"0":{"name":"validateEnv","decl":{"start":{"line":5,"column":16},"end":{"line":5,"column":36}},"loc":{"start":{"line":5,"column":36},"end":{"line":8,"column":null}},"line":5},"1":{"name":"(anonymous_1)","decl":{"start":{"line":6,"column":27},"end":{"line":6,"column":34}},"loc":{"start":{"line":6,"column":41},"end":{"line":6,"column":59}},"line":6}},"branchMap":{"0":{"loc":{"start":{"line":7,"column":2},"end":{"line":8,"column":null}},"type":"if","locations":[{"start":{"line":7,"column":2},"end":{"line":8,"column":null}},{"start":{},"end":{}}],"line":7}},"s":{"0":1,"1":0,"2":0,"3":0,"4":0,"5":1},"f":{"0":0,"1":0},"b":{"0":[0,0]},"meta":{"lastBranch":1,"lastFunction":2,"lastStatement":6,"seen":{"s:3:17:3:Infinity":0,"f:5:16:5:36":0,"s:6:18:6:59":1,"f:6:27:6:34":1,"s:6:41:6:59":2,"b:7:2:8:Infinity:undefined:undefined:undefined:undefined":0,"s:7:2:8:Infinity":3,"s:8:4:8:Infinity":4,"s:12:22:22:Infinity":5}}}
,"/Users/kylehouston/Documents/dev/pauhana-media/src/effectController.ts": {"path":"/Users/kylehouston/Documents/dev/pauhana-media/src/effectController.ts","statementMap":{"0":{"start":{"line":9,"column":21},"end":{"line":9,"column":null}},"1":{"start":{"line":10,"column":23},"end":{"line":10,"column":null}},"2":{"start":{"line":19,"column":2},"end":{"line":19,"column":null}},"3":{"start":{"line":20,"column":2},"end":{"line":22,"column":null}},"4":{"start":{"line":21,"column":4},"end":{"line":21,"column":null}},"5":{"start":{"line":22,"column":4},"end":{"line":22,"column":null}},"6":{"start":{"line":26,"column":2},"end":{"line":28,"column":null}},"7":{"start":{"line":27,"column":4},"end":{"line":27,"column":null}},"8":{"start":{"line":28,"column":4},"end":{"line":28,"column":null}},"9":{"start":{"line":31,"column":2},"end":{"line":33,"column":null}},"10":{"start":{"line":32,"column":4},"end":{"line":32,"column":null}},"11":{"start":{"line":33,"column":4},"end":{"line":33,"column":null}},"12":{"start":{"line":36,"column":2},"end":{"line":36,"column":null}},"13":{"start":{"line":38,"column":2},"end":{"line":38,"column":null}},"14":{"start":{"line":39,"column":2},"end":{"line":39,"column":null}},"15":{"start":{"line":41,"column":2},"end":{"line":64,"column":null}},"16":{"start":{"line":42,"column":4},"end":{"line":51,"column":null}},"17":{"start":{"line":44,"column":8},"end":{"line":44,"column":null}},"18":{"start":{"line":45,"column":8},"end":{"line":45,"column":null}},"19":{"start":{"line":47,"column":8},"end":{"line":47,"column":null}},"20":{"start":{"line":48,"column":8},"end":{"line":48,"column":null}},"21":{"start":{"line":50,"column":8},"end":{"line":50,"column":null}},"22":{"start":{"line":51,"column":8},"end":{"line":51,"column":null}},"23":{"start":{"line":54,"column":4},"end":{"line":54,"column":null}},"24":{"start":{"line":56,"column":4},"end":{"line":56,"column":null}},"25":{"start":{"line":57,"column":4},"end":{"line":57,"column":null}},"26":{"start":{"line":61,"column":4},"end":{"line":62,"column":null}},"27":{"start":{"line":62,"column":6},"end":{"line":62,"column":null}},"28":{"start":{"line":64,"column":4},"end":{"line":64,"column":null}},"29":{"start":{"line":66,"column":2},"end":{"line":66,"column":null}},"30":{"start":{"line":70,"column":2},"end":{"line":70,"column":null}}},"fnMap":{"0":{"name":"triggerEvent","decl":{"start":{"line":18,"column":22},"end":{"line":18,"column":35}},"loc":{"start":{"line":18,"column":89},"end":{"line":66,"column":null}},"line":18},"1":{"name":"isEventHappening","decl":{"start":{"line":69,"column":16},"end":{"line":69,"column":44}},"loc":{"start":{"line":69,"column":44},"end":{"line":70,"column":null}},"line":69}},"branchMap":{"0":{"loc":{"start":{"line":18,"column":52},"end":{"line":18,"column":89}},"type":"default-arg","locations":[{"start":{"line":18,"column":64},"end":{"line":18,"column":89}}],"line":18},"1":{"loc":{"start":{"line":20,"column":2},"end":{"line":22,"column":null}},"type":"if","locations":[{"start":{"line":20,"column":2},"end":{"line":22,"column":null}},{"start":{},"end":{}}],"line":20},"2":{"loc":{"start":{"line":26,"column":2},"end":{"line":28,"column":null}},"type":"if","locations":[{"start":{"line":26,"column":2},"end":{"line":28,"column":null}},{"start":{},"end":{}}],"line":26},"3":{"loc":{"start":{"line":31,"column":2},"end":{"line":33,"column":null}},"type":"if","locations":[{"start":{"line":31,"column":2},"end":{"line":33,"column":null}},{"start":{},"end":{}}],"line":31},"4":{"loc":{"start":{"line":42,"column":4},"end":{"line":51,"column":null}},"type":"switch","locations":[{"start":{"line":43,"column":6},"end":{"line":45,"column":null}},{"start":{"line":46,"column":6},"end":{"line":48,"column":null}},{"start":{"line":49,"column":6},"end":{"line":51,"column":null}}],"line":42},"5":{"loc":{"start":{"line":61,"column":4},"end":{"line":62,"column":null}},"type":"if","locations":[{"start":{"line":61,"column":4},"end":{"line":62,"column":null}},{"start":{},"end":{}}],"line":61}},"s":{"0":1,"1":1,"2":2,"3":2,"4":0,"5":0,"6":2,"7":2,"8":2,"9":0,"10":0,"11":0,"12":0,"13":0,"14":0,"15":0,"16":0,"17":0,"18":0,"19":0,"20":0,"21":0,"22":0,"23":0,"24":0,"25":0,"26":0,"27":0,"28":0,"29":0,"30":2},"f":{"0":2,"1":2},"b":{"0":[2],"1":[0,2],"2":[2,0],"3":[0,0],"4":[0,0,0],"5":[0,0]},"meta":{"lastBranch":6,"lastFunction":2,"lastStatement":31,"seen":{"s:9:21:9:Infinity":0,"s:10:23:10:Infinity":1,"f:18:22:18:35":0,"b:18:64:18:89":0,"s:19:2:19:Infinity":2,"b:20:2:22:Infinity:undefined:undefined:undefined:undefined":1,"s:20:2:22:Infinity":3,"s:21:4:21:Infinity":4,"s:22:4:22:Infinity":5,"b:26:2:28:Infinity:undefined:undefined:undefined:undefined":2,"s:26:2:28:Infinity":6,"s:27:4:27:Infinity":7,"s:28:4:28:Infinity":8,"b:31:2:33:Infinity:undefined:undefined:undefined:undefined":3,"s:31:2:33:Infinity":9,"s:32:4:32:Infinity":10,"s:33:4:33:Infinity":11,"s:36:2:36:Infinity":12,"s:38:2:38:Infinity":13,"s:39:2:39:Infinity":14,"s:41:2:64:Infinity":15,"b:43:6:45:Infinity:46:6:48:Infinity:49:6:51:Infinity":4,"s:42:4:51:Infinity":16,"s:44:8:44:Infinity":17,"s:45:8:45:Infinity":18,"s:47:8:47:Infinity":19,"s:48:8:48:Infinity":20,"s:50:8:50:Infinity":21,"s:51:8:51:Infinity":22,"s:54:4:54:Infinity":23,"s:56:4:56:Infinity":24,"s:57:4:57:Infinity":25,"b:61:4:62:Infinity:undefined:undefined:undefined:undefined":5,"s:61:4:62:Infinity":26,"s:62:6:62:Infinity":27,"s:64:4:64:Infinity":28,"s:66:2:66:Infinity":29,"f:69:16:69:44":1,"s:70:2:70:Infinity":30}}}
,"/Users/kylehouston/Documents/dev/pauhana-media/src/effectLibrary.ts": {"path":"/Users/kylehouston/Documents/dev/pauhana-media/src/effectLibrary.ts","statementMap":{"0":{"start":{"line":6,"column":6},"end":{"line":6,"column":49}},"1":{"start":{"line":7,"column":18},"end":{"line":7,"column":42}},"2":{"start":{"line":8,"column":21},"end":{"line":8,"column":70}},"3":{"start":{"line":19,"column":29},"end":{"line":19,"column":31}},"4":{"start":{"line":21,"column":0},"end":{"line":25,"column":null}},"5":{"start":{"line":22,"column":8},"end":{"line":22,"column":50}},"6":{"start":{"line":23,"column":2},"end":{"line":23,"column":null}},"7":{"start":{"line":24,"column":2},"end":{"line":24,"column":null}},"8":{"start":{"line":30,"column":13},"end":{"line":30,"column":null}},"9":{"start":{"line":31,"column":0},"end":{"line":37,"column":null}},"10":{"start":{"line":32,"column":2},"end":{"line":36,"column":null}},"11":{"start":{"line":37,"column":2},"end":{"line":37,"column":null}},"12":{"start":{"line":39,"column":0},"end":{"line":45,"column":null}},"13":{"start":{"line":40,"column":2},"end":{"line":44,"column":null}},"14":{"start":{"line":45,"column":2},"end":{"line":45,"column":null}},"15":{"start":{"line":49,"column":2},"end":{"line":49,"column":null}},"16":{"start":{"line":52,"column":0},"end":{"line":52,"column":null}},"17":{"start":{"line":52,"column":12},"end":{"line":52,"column":null}},"18":{"start":{"line":55,"column":2},"end":{"line":55,"column":null}},"19":{"start":{"line":59,"column":2},"end":{"line":59,"column":null}},"20":{"start":{"line":67,"column":2},"end":{"line":67,"column":null}},"21":{"start":{"line":68,"column":2},"end":{"line":68,"column":null}},"22":{"start":{"line":69,"column":2},"end":{"line":69,"column":null}},"23":{"start":{"line":76,"column":2},"end":{"line":76,"column":null}},"24":{"start":{"line":76,"column":25},"end":{"line":76,"column":null}},"25":{"start":{"line":77,"column":18},"end":{"line":77,"column":null}},"26":{"start":{"line":78,"column":19},"end":{"line":78,"column":null}},"27":{"start":{"line":79,"column":32},"end":{"line":84,"column":null}},"28":{"start":{"line":85,"column":2},"end":{"line":85,"column":null}},"29":{"start":{"line":85,"column":27},"end":{"line":85,"column":null}},"30":{"start":{"line":86,"column":2},"end":{"line":86,"column":null}},"31":{"start":{"line":87,"column":2},"end":{"line":87,"column":null}},"32":{"start":{"line":88,"column":2},"end":{"line":88,"column":null}},"33":{"start":{"line":92,"column":2},"end":{"line":92,"column":null}},"34":{"start":{"line":92,"column":22},"end":{"line":92,"column":null}},"35":{"start":{"line":93,"column":2},"end":{"line":93,"column":null}},"36":{"start":{"line":94,"column":2},"end":{"line":94,"column":null}},"37":{"start":{"line":95,"column":2},"end":{"line":95,"column":null}}},"fnMap":{"0":{"name":"persist","decl":{"start":{"line":48,"column":9},"end":{"line":48,"column":25}},"loc":{"start":{"line":48,"column":25},"end":{"line":49,"column":null}},"line":48},"1":{"name":"getEffects","decl":{"start":{"line":54,"column":16},"end":{"line":54,"column":44}},"loc":{"start":{"line":54,"column":44},"end":{"line":55,"column":null}},"line":54},"2":{"name":"getEffect","decl":{"start":{"line":58,"column":16},"end":{"line":58,"column":26}},"loc":{"start":{"line":58,"column":66},"end":{"line":59,"column":null}},"line":58},"3":{"name":"saveEffect","decl":{"start":{"line":62,"column":16},"end":{"line":62,"column":null}},"loc":{"start":{"line":66,"column":16},"end":{"line":69,"column":null}},"line":66},"4":{"name":"updateEffect","decl":{"start":{"line":72,"column":16},"end":{"line":72,"column":null}},"loc":{"start":{"line":75,"column":23},"end":{"line":88,"column":null}},"line":75},"5":{"name":"deleteEffect","decl":{"start":{"line":91,"column":16},"end":{"line":91,"column":29}},"loc":{"start":{"line":91,"column":52},"end":{"line":95,"column":null}},"line":91}},"branchMap":{"0":{"loc":{"start":{"line":31,"column":0},"end":{"line":37,"column":null}},"type":"if","locations":[{"start":{"line":31,"column":0},"end":{"line":37,"column":null}},{"start":{},"end":{}}],"line":31},"1":{"loc":{"start":{"line":39,"column":0},"end":{"line":45,"column":null}},"type":"if","locations":[{"start":{"line":39,"column":0},"end":{"line":45,"column":null}},{"start":{},"end":{}}],"line":39},"2":{"loc":{"start":{"line":52,"column":0},"end":{"line":52,"column":null}},"type":"if","locations":[{"start":{"line":52,"column":0},"end":{"line":52,"column":null}},{"start":{},"end":{}}],"line":52},"3":{"loc":{"start":{"line":76,"column":2},"end":{"line":76,"column":null}},"type":"if","locations":[{"start":{"line":76,"column":2},"end":{"line":76,"column":null}},{"start":{},"end":{}}],"line":76},"4":{"loc":{"start":{"line":77,"column":18},"end":{"line":77,"column":null}},"type":"binary-expr","locations":[{"start":{"line":77,"column":18},"end":{"line":77,"column":38}},{"start":{"line":77,"column":42},"end":{"line":77,"column":null}}],"line":77},"5":{"loc":{"start":{"line":81,"column":11},"end":{"line":81,"column":null}},"type":"binary-expr","locations":[{"start":{"line":81,"column":11},"end":{"line":81,"column":28}},{"start":{"line":81,"column":28},"end":{"line":81,"column":null}}],"line":81},"6":{"loc":{"start":{"line":82,"column":20},"end":{"line":82,"column":null}},"type":"binary-expr","locations":[{"start":{"line":82,"column":20},"end":{"line":82,"column":46}},{"start":{"line":82,"column":46},"end":{"line":82,"column":null}}],"line":82},"7":{"loc":{"start":{"line":83,"column":16},"end":{"line":83,"column":null}},"type":"cond-expr","locations":[{"start":{"line":83,"column":32},"end":{"line":83,"column":56}},{"start":{"line":83,"column":59},"end":{"line":83,"column":null}}],"line":83},"8":{"loc":{"start":{"line":85,"column":2},"end":{"line":85,"column":null}},"type":"if","locations":[{"start":{"line":85,"column":2},"end":{"line":85,"column":null}},{"start":{},"end":{}}],"line":85},"9":{"loc":{"start":{"line":92,"column":2},"end":{"line":92,"column":null}},"type":"if","locations":[{"start":{"line":92,"column":2},"end":{"line":92,"column":null}},{"start":{},"end":{}}],"line":92}},"s":{"0":2,"1":2,"2":2,"3":2,"4":2,"5":2,"6":2,"7":2,"8":2,"9":2,"10":1,"11":1,"12":2,"13":1,"14":1,"15":22,"16":2,"17":1,"18":1,"19":12,"20":14,"21":14,"22":14,"23":6,"24":1,"25":5,"26":6,"27":6,"28":6,"29":2,"30":5,"31":5,"32":5,"33":3,"34":1,"35":2,"36":2,"37":2},"f":{"0":22,"1":1,"2":12,"3":14,"4":6,"5":3},"b":{"0":[1,1],"1":[1,1],"2":[1,1],"3":[1,5],"4":[5,3],"5":[6,3],"6":[6,4],"7":[2,3],"8":[2,4],"9":[1,2]},"meta":{"lastBranch":10,"lastFunction":6,"lastStatement":38,"seen":{"s:6:6:6:49":0,"s:7:18:7:42":1,"s:8:21:8:70":2,"s:19:29:19:31":3,"s:21:0:25:Infinity":4,"s:22:8:22:50":5,"s:23:2:23:Infinity":6,"s:24:2:24:Infinity":7,"s:30:13:30:Infinity":8,"b:31:0:37:Infinity:undefined:undefined:undefined:undefined":0,"s:31:0:37:Infinity":9,"s:32:2:36:Infinity":10,"s:37:2:37:Infinity":11,"b:39:0:45:Infinity:undefined:undefined:undefined:undefined":1,"s:39:0:45:Infinity":12,"s:40:2:44:Infinity":13,"s:45:2:45:Infinity":14,"f:48:9:48:25":0,"s:49:2:49:Infinity":15,"b:52:0:52:Infinity:undefined:undefined:undefined:undefined":2,"s:52:0:52:Infinity":16,"s:52:12:52:Infinity":17,"f:54:16:54:44":1,"s:55:2:55:Infinity":18,"f:58:16:58:26":2,"s:59:2:59:Infinity":19,"f:62:16:62:Infinity":3,"s:67:2:67:Infinity":20,"s:68:2:68:Infinity":21,"s:69:2:69:Infinity":22,"f:72:16:72:Infinity":4,"b:76:2:76:Infinity:undefined:undefined:undefined:undefined":3,"s:76:2:76:Infinity":23,"s:76:25:76:Infinity":24,"s:77:18:77:Infinity":25,"b:77:18:77:38:77:42:77:Infinity":4,"s:78:19:78:Infinity":26,"s:79:32:84:Infinity":27,"b:81:11:81:28:81:28:81:Infinity":5,"b:82:20:82:46:82:46:82:Infinity":6,"b:83:32:83:56:83:59:83:Infinity":7,"b:85:2:85:Infinity:undefined:undefined:undefined:undefined":8,"s:85:2:85:Infinity":28,"s:85:27:85:Infinity":29,"s:86:2:86:Infinity":30,"s:87:2:87:Infinity":31,"s:88:2:88:Infinity":32,"f:91:16:91:29":5,"b:92:2:92:Infinity:undefined:undefined:undefined:undefined":9,"s:92:2:92:Infinity":33,"s:92:22:92:Infinity":34,"s:93:2:93:Infinity":35,"s:94:2:94:Infinity":36,"s:95:2:95:Infinity":37}}}
,"/Users/kylehouston/Documents/dev/pauhana-media/src/eruption.ts": {"path":"/Users/kylehouston/Documents/dev/pauhana-media/src/eruption.ts","statementMap":{"0":{"start":{"line":13,"column":31},"end":{"line":13,"column":null}},"1":{"start":{"line":15,"column":2},"end":{"line":15,"column":null}},"2":{"start":{"line":15,"column":21},"end":{"line":15,"column":null}},"3":{"start":{"line":17,"column":2},"end":{"line":17,"column":null}},"4":{"start":{"line":17,"column":89},"end":{"line":17,"column":96}},"5":{"start":{"line":19,"column":15},"end":{"line":19,"column":36}},"6":{"start":{"line":20,"column":22},"end":{"line":20,"column":51}},"7":{"start":{"line":22,"column":18},"end":{"line":22,"column":null}},"8":{"start":{"line":23,"column":2},"end":{"line":23,"column":null}},"9":{"start":{"line":25,"column":2},"end":{"line":25,"column":null}},"10":{"start":{"line":30,"column":2},"end":{"line":30,"column":null}},"11":{"start":{"line":31,"column":2},"end":{"line":31,"column":null}},"12":{"start":{"line":32,"column":2},"end":{"line":34,"column":null}},"13":{"start":{"line":33,"column":4},"end":{"line":33,"column":null}},"14":{"start":{"line":34,"column":4},"end":{"line":34,"column":null}},"15":{"start":{"line":37,"column":2},"end":{"line":37,"column":null}},"16":{"start":{"line":38,"column":2},"end":{"line":38,"column":null}},"17":{"start":{"line":39,"column":2},"end":{"line":39,"column":null}}},"fnMap":{"0":{"name":"startEruption","decl":{"start":{"line":12,"column":22},"end":{"line":12,"column":53}},"loc":{"start":{"line":12,"column":53},"end":{"line":39,"column":null}},"line":12},"1":{"name":"(anonymous_1)","decl":{"start":{"line":17,"column":78},"end":{"line":17,"column":83}},"loc":{"start":{"line":17,"column":89},"end":{"line":17,"column":96}},"line":17}},"branchMap":{"0":{"loc":{"start":{"line":15,"column":2},"end":{"line":15,"column":null}},"type":"if","locations":[{"start":{"line":15,"column":2},"end":{"line":15,"column":null}},{"start":{},"end":{}}],"line":15},"1":{"loc":{"start":{"line":32,"column":2},"end":{"line":34,"column":null}},"type":"if","locations":[{"start":{"line":32,"column":2},"end":{"line":34,"column":null}},{"start":{},"end":{}}],"line":32}},"s":{"0":0,"1":0,"2":0,"3":0,"4":0,"5":0,"6":0,"7":0,"8":0,"9":0,"10":0,"11":0,"12":0,"13":0,"14":0,"15":0,"16":0,"17":0},"f":{"0":0,"1":0},"b":{"0":[0,0],"1":[0,0]},"meta":{"lastBranch":2,"lastFunction":2,"lastStatement":18,"seen":{"f:12:22:12:53":0,"s:13:31:13:Infinity":0,"b:15:2:15:Infinity:undefined:undefined:undefined:undefined":0,"s:15:2:15:Infinity":1,"s:15:21:15:Infinity":2,"s:17:2:17:Infinity":3,"f:17:78:17:83":1,"s:17:89:17:96":4,"s:19:15:19:36":5,"s:20:22:20:51":6,"s:22:18:22:Infinity":7,"s:23:2:23:Infinity":8,"s:25:2:25:Infinity":9,"s:30:2:30:Infinity":10,"s:31:2:31:Infinity":11,"b:32:2:34:Infinity:undefined:undefined:undefined:undefined":1,"s:32:2:34:Infinity":12,"s:33:4:33:Infinity":13,"s:34:4:34:Infinity":14,"s:37:2:37:Infinity":15,"s:38:2:38:Infinity":16,"s:39:2:39:Infinity":17}}}
,"/Users/kylehouston/Documents/dev/pauhana-media/src/eventSettings.ts": {"path":"/Users/kylehouston/Documents/dev/pauhana-media/src/eventSettings.ts","statementMap":{"0":{"start":{"line":22,"column":53},"end":{"line":37,"column":null}},"1":{"start":{"line":39,"column":18},"end":{"line":39,"column":62}},"2":{"start":{"line":40,"column":22},"end":{"line":40,"column":68}},"3":{"start":{"line":43,"column":2},"end":{"line":55,"column":null}},"4":{"start":{"line":44,"column":14},"end":{"line":44,"column":null}},"5":{"start":{"line":46,"column":4},"end":{"line":52,"column":null}},"6":{"start":{"line":47,"column":6},"end":{"line":52,"column":null}},"7":{"start":{"line":48,"column":60},"end":{"line":51,"column":11}},"8":{"start":{"line":54,"column":4},"end":{"line":55,"column":null}},"9":{"start":{"line":55,"column":6},"end":{"line":55,"column":null}},"10":{"start":{"line":58,"column":2},"end":{"line":58,"column":null}},"11":{"start":{"line":61,"column":51},"end":{"line":61,"column":76}},"12":{"start":{"line":63,"column":0},"end":{"line":73,"column":null}},"13":{"start":{"line":64,"column":14},"end":{"line":64,"column":52}},"14":{"start":{"line":65,"column":16},"end":{"line":65,"column":31}},"15":{"start":{"line":66,"column":2},"end":{"line":71,"column":null}},"16":{"start":{"line":67,"column":4},"end":{"line":71,"column":null}},"17":{"start":{"line":78,"column":2},"end":{"line":78,"column":null}},"18":{"start":{"line":85,"column":2},"end":{"line":89,"column":null}},"19":{"start":{"line":90,"column":2},"end":{"line":90,"column":null}},"20":{"start":{"line":91,"column":2},"end":{"line":91,"column":null}}},"fnMap":{"0":{"name":"migrateWLED","decl":{"start":{"line":42,"column":16},"end":{"line":42,"column":28}},"loc":{"start":{"line":42,"column":60},"end":{"line":58,"column":null}},"line":42},"1":{"name":"(anonymous_1)","decl":{"start":{"line":48,"column":45},"end":{"line":48,"column":50}},"loc":{"start":{"line":48,"column":60},"end":{"line":51,"column":11}},"line":48},"2":{"name":"getEventSettings","decl":{"start":{"line":77,"column":16},"end":{"line":77,"column":71}},"loc":{"start":{"line":77,"column":71},"end":{"line":78,"column":null}},"line":77},"3":{"name":"updateEventSetting","decl":{"start":{"line":81,"column":16},"end":{"line":81,"column":null}},"loc":{"start":{"line":84,"column":22},"end":{"line":91,"column":null}},"line":84}},"branchMap":{"0":{"loc":{"start":{"line":43,"column":2},"end":{"line":55,"column":null}},"type":"if","locations":[{"start":{"line":43,"column":2},"end":{"line":55,"column":null}},{"start":{},"end":{}}],"line":43},"1":{"loc":{"start":{"line":43,"column":6},"end":{"line":43,"column":40}},"type":"binary-expr","locations":[{"start":{"line":43,"column":6},"end":{"line":43,"column":14}},{"start":{"line":43,"column":14},"end":{"line":43,"column":40}}],"line":43},"2":{"loc":{"start":{"line":46,"column":4},"end":{"line":52,"column":null}},"type":"if","locations":[{"start":{"line":46,"column":4},"end":{"line":52,"column":null}},{"start":{},"end":{}}],"line":46},"3":{"loc":{"start":{"line":50,"column":18},"end":{"line":50,"column":null}},"type":"cond-expr","locations":[{"start":{"line":50,"column":49},"end":{"line":50,"column":60}},{"start":{"line":50,"column":60},"end":{"line":50,"column":null}}],"line":50},"4":{"loc":{"start":{"line":54,"column":4},"end":{"line":55,"column":null}},"type":"if","locations":[{"start":{"line":54,"column":4},"end":{"line":55,"column":null}},{"start":{},"end":{}}],"line":54},"5":{"loc":{"start":{"line":69,"column":10},"end":{"line":69,"column":27}},"type":"binary-expr","locations":[{"start":{"line":69,"column":10},"end":{"line":69,"column":25}},{"start":{"line":69,"column":25},"end":{"line":69,"column":27}}],"line":69},"6":{"loc":{"start":{"line":70,"column":25},"end":{"line":70,"column":null}},"type":"binary-expr","locations":[{"start":{"line":70,"column":25},"end":{"line":70,"column":74}},{"start":{"line":70,"column":74},"end":{"line":70,"column":null}}],"line":70},"7":{"loc":{"start":{"line":88,"column":10},"end":{"line":88,"column":null}},"type":"binary-expr","locations":[{"start":{"line":88,"column":10},"end":{"line":88,"column":24}},{"start":{"line":88,"column":24},"end":{"line":88,"column":null}}],"line":88}},"s":{"0":2,"1":2,"2":2,"3":9,"4":5,"5":5,"6":2,"7":3,"8":3,"9":2,"10":5,"11":2,"12":2,"13":2,"14":2,"15":2,"16":0,"17":4,"18":0,"19":0,"20":0},"f":{"0":9,"1":3,"2":4,"3":0},"b":{"0":[5,4],"1":[9,7],"2":[2,3],"3":[2,1],"4":[2,1],"5":[0,0],"6":[0,0],"7":[0,0]},"meta":{"lastBranch":8,"lastFunction":4,"lastStatement":21,"seen":{"s:22:53:37:Infinity":0,"s:39:18:39:62":1,"s:40:22:40:68":2,"f:42:16:42:28":0,"b:43:2:55:Infinity:undefined:undefined:undefined:undefined":0,"s:43:2:55:Infinity":3,"b:43:6:43:14:43:14:43:40":1,"s:44:14:44:Infinity":4,"b:46:4:52:Infinity:undefined:undefined:undefined:undefined":2,"s:46:4:52:Infinity":5,"s:47:6:52:Infinity":6,"f:48:45:48:50":1,"s:48:60:51:11":7,"b:50:49:50:60:50:60:50:Infinity":3,"b:54:4:55:Infinity:undefined:undefined:undefined:undefined":4,"s:54:4:55:Infinity":8,"s:55:6:55:Infinity":9,"s:58:2:58:Infinity":10,"s:61:51:61:76":11,"s:63:0:73:Infinity":12,"s:64:14:64:52":13,"s:65:16:65:31":14,"s:66:2:71:Infinity":15,"s:67:4:71:Infinity":16,"b:69:10:69:25:69:25:69:27":5,"b:70:25:70:74:70:74:70:Infinity":6,"f:77:16:77:71":2,"s:78:2:78:Infinity":17,"f:81:16:81:Infinity":3,"s:85:2:89:Infinity":18,"b:88:10:88:24:88:24:88:Infinity":7,"s:90:2:90:Infinity":19,"s:91:2:91:Infinity":20}}}
,"/Users/kylehouston/Documents/dev/pauhana-media/src/randomEventScheduler.ts": {"path":"/Users/kylehouston/Documents/dev/pauhana-media/src/randomEventScheduler.ts","statementMap":{"0":{"start":{"line":11,"column":46},"end":{"line":11,"column":null}},"1":{"start":{"line":12,"column":26},"end":{"line":12,"column":null}},"2":{"start":{"line":13,"column":35},"end":{"line":13,"column":null}},"3":{"start":{"line":17,"column":2},"end":{"line":19,"column":null}},"4":{"start":{"line":18,"column":4},"end":{"line":18,"column":null}},"5":{"start":{"line":19,"column":4},"end":{"line":19,"column":null}},"6":{"start":{"line":21,"column":14},"end":{"line":21,"column":null}},"7":{"start":{"line":22,"column":14},"end":{"line":22,"column":null}},"8":{"start":{"line":24,"column":16},"end":{"line":24,"column":61}},"9":{"start":{"line":25,"column":2},"end":{"line":25,"column":null}},"10":{"start":{"line":27,"column":2},"end":{"line":27,"column":null}},"11":{"start":{"line":29,"column":2},"end":{"line":47,"column":null}},"12":{"start":{"line":30,"column":4},"end":{"line":45,"column":null}},"13":{"start":{"line":31,"column":19},"end":{"line":31,"column":40}},"14":{"start":{"line":32,"column":6},"end":{"line":39,"column":null}},"15":{"start":{"line":33,"column":29},"end":{"line":33,"column":48}},"16":{"start":{"line":35,"column":10},"end":{"line":35,"column":null}},"17":{"start":{"line":36,"column":8},"end":{"line":36,"column":null}},"18":{"start":{"line":37,"column":8},"end":{"line":37,"column":null}},"19":{"start":{"line":39,"column":8},"end":{"line":39,"column":null}},"20":{"start":{"line":42,"column":6},"end":{"line":42,"column":null}},"21":{"start":{"line":45,"column":6},"end":{"line":45,"column":null}},"22":{"start":{"line":55,"column":2},"end":{"line":57,"column":null}},"23":{"start":{"line":56,"column":4},"end":{"line":56,"column":null}},"24":{"start":{"line":57,"column":4},"end":{"line":57,"column":null}},"25":{"start":{"line":59,"column":2},"end":{"line":59,"column":null}},"26":{"start":{"line":60,"column":2},"end":{"line":60,"column":null}},"27":{"start":{"line":67,"column":2},"end":{"line":70,"column":null}},"28":{"start":{"line":68,"column":4},"end":{"line":68,"column":null}},"29":{"start":{"line":69,"column":4},"end":{"line":69,"column":null}},"30":{"start":{"line":70,"column":4},"end":{"line":70,"column":null}},"31":{"start":{"line":78,"column":2},"end":{"line":85,"column":null}},"32":{"start":{"line":79,"column":4},"end":{"line":79,"column":null}},"33":{"start":{"line":80,"column":4},"end":{"line":82,"column":null}},"34":{"start":{"line":81,"column":6},"end":{"line":81,"column":null}},"35":{"start":{"line":82,"column":6},"end":{"line":82,"column":null}},"36":{"start":{"line":84,"column":4},"end":{"line":84,"column":null}},"37":{"start":{"line":85,"column":4},"end":{"line":85,"column":null}},"38":{"start":{"line":93,"column":2},"end":{"line":93,"column":null}},"39":{"start":{"line":100,"column":2},"end":{"line":100,"column":null}}},"fnMap":{"0":{"name":"scheduleRandomEvent","decl":{"start":{"line":15,"column":16},"end":{"line":15,"column":44}},"loc":{"start":{"line":15,"column":44},"end":{"line":47,"column":null}},"line":15},"1":{"name":"(anonymous_1)","decl":{"start":{"line":29,"column":32},"end":{"line":29,"column":44}},"loc":{"start":{"line":29,"column":44},"end":{"line":47,"column":11}},"line":29},"2":{"name":"resetScheduler","decl":{"start":{"line":54,"column":16},"end":{"line":54,"column":39}},"loc":{"start":{"line":54,"column":39},"end":{"line":60,"column":null}},"line":54},"3":{"name":"enableRandomEvents","decl":{"start":{"line":66,"column":16},"end":{"line":66,"column":43}},"loc":{"start":{"line":66,"column":43},"end":{"line":70,"column":null}},"line":66},"4":{"name":"disableRandomEvents","decl":{"start":{"line":77,"column":16},"end":{"line":77,"column":44}},"loc":{"start":{"line":77,"column":44},"end":{"line":85,"column":null}},"line":77},"5":{"name":"isRandomEventsEnabled","decl":{"start":{"line":92,"column":16},"end":{"line":92,"column":49}},"loc":{"start":{"line":92,"column":49},"end":{"line":93,"column":null}},"line":92},"6":{"name":"getNextEventTime","decl":{"start":{"line":99,"column":16},"end":{"line":99,"column":50}},"loc":{"start":{"line":99,"column":50},"end":{"line":100,"column":null}},"line":99}},"branchMap":{"0":{"loc":{"start":{"line":17,"column":2},"end":{"line":19,"column":null}},"type":"if","locations":[{"start":{"line":17,"column":2},"end":{"line":19,"column":null}},{"start":{},"end":{}}],"line":17},"1":{"loc":{"start":{"line":32,"column":6},"end":{"line":39,"column":null}},"type":"if","locations":[{"start":{"line":32,"column":6},"end":{"line":39,"column":null}},{"start":{"line":38,"column":13},"end":{"line":39,"column":null}}],"line":32},"2":{"loc":{"start":{"line":55,"column":2},"end":{"line":57,"column":null}},"type":"if","locations":[{"start":{"line":55,"column":2},"end":{"line":57,"column":null}},{"start":{},"end":{}}],"line":55},"3":{"loc":{"start":{"line":67,"column":2},"end":{"line":70,"column":null}},"type":"if","locations":[{"start":{"line":67,"column":2},"end":{"line":70,"column":null}},{"start":{},"end":{}}],"line":67},"4":{"loc":{"start":{"line":78,"column":2},"end":{"line":85,"column":null}},"type":"if","locations":[{"start":{"line":78,"column":2},"end":{"line":85,"column":null}},{"start":{},"end":{}}],"line":78},"5":{"loc":{"start":{"line":80,"column":4},"end":{"line":82,"column":null}},"type":"if","locations":[{"start":{"line":80,"column":4},"end":{"line":82,"column":null}},{"start":{},"end":{}}],"line":80}},"s":{"0":1,"1":1,"2":1,"3":0,"4":0,"5":0,"6":0,"7":0,"8":0,"9":0,"10":0,"11":0,"12":0,"13":0,"14":0,"15":0,"16":0,"17":0,"18":0,"19":0,"20":0,"21":0,"22":0,"23":0,"24":0,"25":0,"26":0,"27":0,"28":0,"29":0,"30":0,"31":0,"32":0,"33":0,"34":0,"35":0,"36":0,"37":0,"38":0,"39":0},"f":{"0":0,"1":0,"2":0,"3":0,"4":0,"5":0,"6":0},"b":{"0":[0,0],"1":[0,0],"2":[0,0],"3":[0,0],"4":[0,0],"5":[0,0]},"meta":{"lastBranch":6,"lastFunction":7,"lastStatement":40,"seen":{"s:11:46:11:Infinity":0,"s:12:26:12:Infinity":1,"s:13:35:13:Infinity":2,"f:15:16:15:44":0,"b:17:2:19:Infinity:undefined:undefined:undefined:undefined":0,"s:17:2:19:Infinity":3,"s:18:4:18:Infinity":4,"s:19:4:19:Infinity":5,"s:21:14:21:Infinity":6,"s:22:14:22:Infinity":7,"s:24:16:24:61":8,"s:25:2:25:Infinity":9,"s:27:2:27:Infinity":10,"s:29:2:47:Infinity":11,"f:29:32:29:44":1,"s:30:4:45:Infinity":12,"s:31:19:31:40":13,"b:32:6:39:Infinity:38:13:39:Infinity":1,"s:32:6:39:Infinity":14,"s:33:29:33:48":15,"s:35:10:35:Infinity":16,"s:36:8:36:Infinity":17,"s:37:8:37:Infinity":18,"s:39:8:39:Infinity":19,"s:42:6:42:Infinity":20,"s:45:6:45:Infinity":21,"f:54:16:54:39":2,"b:55:2:57:Infinity:undefined:undefined:undefined:undefined":2,"s:55:2:57:Infinity":22,"s:56:4:56:Infinity":23,"s:57:4:57:Infinity":24,"s:59:2:59:Infinity":25,"s:60:2:60:Infinity":26,"f:66:16:66:43":3,"b:67:2:70:Infinity:undefined:undefined:undefined:undefined":3,"s:67:2:70:Infinity":27,"s:68:4:68:Infinity":28,"s:69:4:69:Infinity":29,"s:70:4:70:Infinity":30,"f:77:16:77:44":4,"b:78:2:85:Infinity:undefined:undefined:undefined:undefined":4,"s:78:2:85:Infinity":31,"s:79:4:79:Infinity":32,"b:80:4:82:Infinity:undefined:undefined:undefined:undefined":5,"s:80:4:82:Infinity":33,"s:81:6:81:Infinity":34,"s:82:6:82:Infinity":35,"s:84:4:84:Infinity":36,"s:85:4:85:Infinity":37,"f:92:16:92:49":5,"s:93:2:93:Infinity":38,"f:99:16:99:50":6,"s:100:2:100:Infinity":39}}}
,"/Users/kylehouston/Documents/dev/pauhana-media/src/sonos.ts": {"path":"/Users/kylehouston/Documents/dev/pauhana-media/src/sonos.ts","statementMap":{"0":{"start":{"line":7,"column":21},"end":{"line":7,"column":51}},"1":{"start":{"line":8,"column":22},"end":{"line":8,"column":57}},"2":{"start":{"line":11,"column":17},"end":{"line":11,"column":40}},"3":{"start":{"line":12,"column":16},"end":{"line":12,"column":45}},"4":{"start":{"line":13,"column":16},"end":{"line":13,"column":38}},"5":{"start":{"line":15,"column":28},"end":{"line":15,"column":null}},"6":{"start":{"line":16,"column":2},"end":{"line":18,"column":null}},"7":{"start":{"line":17,"column":4},"end":{"line":17,"column":null}},"8":{"start":{"line":22,"column":2},"end":{"line":37,"column":null}},"9":{"start":{"line":45,"column":19},"end":{"line":45,"column":null}},"10":{"start":{"line":46,"column":8},"end":{"line":46,"column":null}},"11":{"start":{"line":48,"column":12},"end":{"line":48,"column":null}},"12":{"start":{"line":49,"column":2},"end":{"line":53,"column":null}},"13":{"start":{"line":49,"column":19},"end":{"line":49,"column":22}},"14":{"start":{"line":50,"column":4},"end":{"line":50,"column":null}},"15":{"start":{"line":51,"column":4},"end":{"line":51,"column":null}},"16":{"start":{"line":52,"column":4},"end":{"line":52,"column":null}},"17":{"start":{"line":53,"column":4},"end":{"line":53,"column":null}},"18":{"start":{"line":53,"column":29},"end":{"line":53,"column":52}},"19":{"start":{"line":62,"column":2},"end":{"line":62,"column":null}},"20":{"start":{"line":63,"column":2},"end":{"line":63,"column":null}},"21":{"start":{"line":64,"column":2},"end":{"line":64,"column":null}}},"fnMap":{"0":{"name":"snapshotSonos","decl":{"start":{"line":10,"column":22},"end":{"line":10,"column":62}},"loc":{"start":{"line":10,"column":62},"end":{"line":37,"column":null}},"line":10},"1":{"name":"fadeVolume","decl":{"start":{"line":40,"column":22},"end":{"line":40,"column":null}},"loc":{"start":{"line":44,"column":17},"end":{"line":53,"column":null}},"line":44},"2":{"name":"(anonymous_2)","decl":{"start":{"line":53,"column":14},"end":{"line":53,"column":23}},"loc":{"start":{"line":53,"column":29},"end":{"line":53,"column":52}},"line":53},"3":{"name":"playEffect","decl":{"start":{"line":57,"column":22},"end":{"line":57,"column":null}},"loc":{"start":{"line":61,"column":17},"end":{"line":64,"column":null}},"line":61}},"branchMap":{"0":{"loc":{"start":{"line":25,"column":11},"end":{"line":35,"column":null}},"type":"cond-expr","locations":[{"start":{"line":26,"column":8},"end":{"line":34,"column":null}},{"start":{"line":35,"column":8},"end":{"line":35,"column":null}}],"line":25}},"s":{"0":1,"1":1,"2":0,"3":0,"4":0,"5":0,"6":0,"7":0,"8":0,"9":0,"10":0,"11":0,"12":0,"13":0,"14":0,"15":0,"16":0,"17":0,"18":0,"19":0,"20":0,"21":0},"f":{"0":0,"1":0,"2":0,"3":0},"b":{"0":[0,0]},"meta":{"lastBranch":1,"lastFunction":4,"lastStatement":22,"seen":{"s:7:21:7:51":0,"s:8:22:8:57":1,"f:10:22:10:62":0,"s:11:17:11:40":2,"s:12:16:12:45":3,"s:13:16:13:38":4,"s:15:28:15:Infinity":5,"s:16:2:18:Infinity":6,"s:17:4:17:Infinity":7,"s:22:2:37:Infinity":8,"b:26:8:34:Infinity:35:8:35:Infinity":0,"f:40:22:40:Infinity":1,"s:45:19:45:Infinity":9,"s:46:8:46:Infinity":10,"s:48:12:48:Infinity":11,"s:49:2:53:Infinity":12,"s:49:19:49:22":13,"s:50:4:50:Infinity":14,"s:51:4:51:Infinity":15,"s:52:4:52:Infinity":16,"s:53:4:53:Infinity":17,"f:53:14:53:23":2,"s:53:29:53:52":18,"f:57:22:57:Infinity":3,"s:62:2:62:Infinity":19,"s:63:2:63:Infinity":20,"s:64:2:64:Infinity":21}}}
,"/Users/kylehouston/Documents/dev/pauhana-media/src/storm.ts": {"path":"/Users/kylehouston/Documents/dev/pauhana-media/src/storm.ts","statementMap":{"0":{"start":{"line":13,"column":31},"end":{"line":13,"column":null}},"1":{"start":{"line":15,"column":2},"end":{"line":15,"column":null}},"2":{"start":{"line":15,"column":21},"end":{"line":15,"column":null}},"3":{"start":{"line":17,"column":2},"end":{"line":17,"column":null}},"4":{"start":{"line":17,"column":84},"end":{"line":17,"column":91}},"5":{"start":{"line":19,"column":15},"end":{"line":19,"column":36}},"6":{"start":{"line":20,"column":22},"end":{"line":20,"column":51}},"7":{"start":{"line":22,"column":18},"end":{"line":22,"column":null}},"8":{"start":{"line":23,"column":2},"end":{"line":23,"column":null}},"9":{"start":{"line":25,"column":2},"end":{"line":25,"column":null}},"10":{"start":{"line":30,"column":2},"end":{"line":30,"column":null}},"11":{"start":{"line":31,"column":2},"end":{"line":31,"column":null}},"12":{"start":{"line":32,"column":2},"end":{"line":34,"column":null}},"13":{"start":{"line":33,"column":4},"end":{"line":33,"column":null}},"14":{"start":{"line":34,"column":4},"end":{"line":34,"column":null}},"15":{"start":{"line":37,"column":2},"end":{"line":37,"column":null}},"16":{"start":{"line":38,"column":2},"end":{"line":38,"column":null}},"17":{"start":{"line":39,"column":2},"end":{"line":39,"column":null}}},"fnMap":{"0":{"name":"summonStorm","decl":{"start":{"line":12,"column":22},"end":{"line":12,"column":51}},"loc":{"start":{"line":12,"column":51},"end":{"line":39,"column":null}},"line":12},"1":{"name":"(anonymous_1)","decl":{"start":{"line":17,"column":73},"end":{"line":17,"column":78}},"loc":{"start":{"line":17,"column":84},"end":{"line":17,"column":91}},"line":17}},"branchMap":{"0":{"loc":{"start":{"line":15,"column":2},"end":{"line":15,"column":null}},"type":"if","locations":[{"start":{"line":15,"column":2},"end":{"line":15,"column":null}},{"start":{},"end":{}}],"line":15},"1":{"loc":{"start":{"line":32,"column":2},"end":{"line":34,"column":null}},"type":"if","locations":[{"start":{"line":32,"column":2},"end":{"line":34,"column":null}},{"start":{},"end":{}}],"line":32}},"s":{"0":0,"1":0,"2":0,"3":0,"4":0,"5":0,"6":0,"7":0,"8":0,"9":0,"10":0,"11":0,"12":0,"13":0,"14":0,"15":0,"16":0,"17":0},"f":{"0":0,"1":0},"b":{"0":[0,0],"1":[0,0]},"meta":{"lastBranch":2,"lastFunction":2,"lastStatement":18,"seen":{"f:12:22:12:51":0,"s:13:31:13:Infinity":0,"b:15:2:15:Infinity:undefined:undefined:undefined:undefined":0,"s:15:2:15:Infinity":1,"s:15:21:15:Infinity":2,"s:17:2:17:Infinity":3,"f:17:73:17:78":1,"s:17:84:17:91":4,"s:19:15:19:36":5,"s:20:22:20:51":6,"s:22:18:22:Infinity":7,"s:23:2:23:Infinity":8,"s:25:2:25:Infinity":9,"s:30:2:30:Infinity":10,"s:31:2:31:Infinity":11,"b:32:2:34:Infinity:undefined:undefined:undefined:undefined":1,"s:32:2:34:Infinity":12,"s:33:4:33:Infinity":13,"s:34:4:34:Infinity":14,"s:37:2:37:Infinity":15,"s:38:2:38:Infinity":16,"s:39:2:39:Infinity":17}}}
,"/Users/kylehouston/Documents/dev/pauhana-media/src/video.ts": {"path":"/Users/kylehouston/Documents/dev/pauhana-media/src/video.ts","statementMap":{"0":{"start":{"line":8,"column":24},"end":{"line":8,"column":null}},"1":{"start":{"line":14,"column":2},"end":{"line":54,"column":null}},"2":{"start":{"line":15,"column":19},"end":{"line":15,"column":31}},"3":{"start":{"line":16,"column":23},"end":{"line":16,"column":null}},"4":{"start":{"line":18,"column":4},"end":{"line":21,"column":null}},"5":{"start":{"line":19,"column":6},"end":{"line":19,"column":null}},"6":{"start":{"line":20,"column":6},"end":{"line":20,"column":null}},"7":{"start":{"line":23,"column":4},"end":{"line":25,"column":null}},"8":{"start":{"line":24,"column":6},"end":{"line":24,"column":null}},"9":{"start":{"line":27,"column":4},"end":{"line":38,"column":null}},"10":{"start":{"line":28,"column":6},"end":{"line":36,"column":null}},"11":{"start":{"line":29,"column":25},"end":{"line":29,"column":49}},"12":{"start":{"line":30,"column":8},"end":{"line":31,"column":null}},"13":{"start":{"line":31,"column":10},"end":{"line":31,"column":null}},"14":{"start":{"line":33,"column":8},"end":{"line":33,"column":null}},"15":{"start":{"line":35,"column":8},"end":{"line":35,"column":null}},"16":{"start":{"line":36,"column":8},"end":{"line":36,"column":null}},"17":{"start":{"line":40,"column":4},"end":{"line":40,"column":null}},"18":{"start":{"line":41,"column":4},"end":{"line":46,"column":null}},"19":{"start":{"line":42,"column":6},"end":{"line":42,"column":null}},"20":{"start":{"line":43,"column":22},"end":{"line":43,"column":null}},"21":{"start":{"line":44,"column":6},"end":{"line":44,"column":null}},"22":{"start":{"line":45,"column":6},"end":{"line":45,"column":null}},"23":{"start":{"line":49,"column":4},"end":{"line":53,"column":null}},"24":{"start":{"line":50,"column":6},"end":{"line":50,"column":null}},"25":{"start":{"line":51,"column":6},"end":{"line":51,"column":null}},"26":{"start":{"line":52,"column":6},"end":{"line":52,"column":null}},"27":{"start":{"line":62,"column":2},"end":{"line":84,"column":null}},"28":{"start":{"line":65,"column":4},"end":{"line":78,"column":null}},"29":{"start":{"line":67,"column":20},"end":{"line":67,"column":52}},"30":{"start":{"line":68,"column":6},"end":{"line":75,"column":null}},"31":{"start":{"line":70,"column":8},"end":{"line":70,"column":null}},"32":{"start":{"line":71,"column":17},"end":{"line":75,"column":null}},"33":{"start":{"line":73,"column":8},"end":{"line":73,"column":null}},"34":{"start":{"line":75,"column":8},"end":{"line":75,"column":null}},"35":{"start":{"line":78,"column":6},"end":{"line":78,"column":null}},"36":{"start":{"line":81,"column":4},"end":{"line":81,"column":null}},"37":{"start":{"line":82,"column":4},"end":{"line":82,"column":null}},"38":{"start":{"line":84,"column":4},"end":{"line":84,"column":null}},"39":{"start":{"line":93,"column":2},"end":{"line":128,"column":null}},"40":{"start":{"line":94,"column":4},"end":{"line":126,"column":null}},"41":{"start":{"line":95,"column":21},"end":{"line":95,"column":33}},"42":{"start":{"line":96,"column":25},"end":{"line":96,"column":null}},"43":{"start":{"line":98,"column":6},"end":{"line":100,"column":null}},"44":{"start":{"line":99,"column":8},"end":{"line":99,"column":null}},"45":{"start":{"line":102,"column":6},"end":{"line":104,"column":null}},"46":{"start":{"line":103,"column":8},"end":{"line":103,"column":null}},"47":{"start":{"line":106,"column":6},"end":{"line":113,"column":null}},"48":{"start":{"line":107,"column":8},"end":{"line":111,"column":null}},"49":{"start":{"line":108,"column":27},"end":{"line":108,"column":51}},"50":{"start":{"line":109,"column":10},"end":{"line":109,"column":null}},"51":{"start":{"line":111,"column":10},"end":{"line":111,"column":null}},"52":{"start":{"line":115,"column":6},"end":{"line":120,"column":null}},"53":{"start":{"line":117,"column":10},"end":{"line":117,"column":null}},"54":{"start":{"line":118,"column":8},"end":{"line":118,"column":null}},"55":{"start":{"line":119,"column":8},"end":{"line":119,"column":null}},"56":{"start":{"line":122,"column":6},"end":{"line":125,"column":null}},"57":{"start":{"line":123,"column":8},"end":{"line":123,"column":null}},"58":{"start":{"line":124,"column":8},"end":{"line":124,"column":null}},"59":{"start":{"line":128,"column":4},"end":{"line":128,"column":null}},"60":{"start":{"line":136,"column":2},"end":{"line":140,"column":null}},"61":{"start":{"line":137,"column":4},"end":{"line":137,"column":null}},"62":{"start":{"line":138,"column":4},"end":{"line":138,"column":null}},"63":{"start":{"line":140,"column":4},"end":{"line":140,"column":null}},"64":{"start":{"line":148,"column":2},"end":{"line":152,"column":null}},"65":{"start":{"line":149,"column":4},"end":{"line":149,"column":null}},"66":{"start":{"line":150,"column":4},"end":{"line":150,"column":null}},"67":{"start":{"line":152,"column":4},"end":{"line":152,"column":null}}},"fnMap":{"0":{"name":"sendMpvCommand","decl":{"start":{"line":13,"column":15},"end":{"line":13,"column":30}},"loc":{"start":{"line":13,"column":64},"end":{"line":54,"column":null}},"line":13},"1":{"name":"(anonymous_1)","decl":{"start":{"line":14,"column":13},"end":{"line":14,"column":22}},"loc":{"start":{"line":14,"column":42},"end":{"line":54,"column":null}},"line":14},"2":{"name":"(anonymous_2)","decl":{"start":{"line":18,"column":14},"end":{"line":18,"column":24}},"loc":{"start":{"line":18,"column":32},"end":{"line":21,"column":null}},"line":18},"3":{"name":"(anonymous_3)","decl":{"start":{"line":23,"column":14},"end":{"line":23,"column":23}},"loc":{"start":{"line":23,"column":32},"end":{"line":25,"column":null}},"line":23},"4":{"name":"(anonymous_4)","decl":{"start":{"line":27,"column":14},"end":{"line":27,"column":27}},"loc":{"start":{"line":27,"column":27},"end":{"line":38,"column":null}},"line":27},"5":{"name":"(anonymous_5)","decl":{"start":{"line":41,"column":44},"end":{"line":41,"column":52}},"loc":{"start":{"line":41,"column":52},"end":{"line":46,"column":null}},"line":41},"6":{"name":"(anonymous_6)","decl":{"start":{"line":49,"column":22},"end":{"line":49,"column":34}},"loc":{"start":{"line":49,"column":34},"end":{"line":53,"column":null}},"line":49},"7":{"name":"seekVideo","decl":{"start":{"line":61,"column":22},"end":{"line":61,"column":32}},"loc":{"start":{"line":61,"column":75},"end":{"line":84,"column":null}},"line":61},"8":{"name":"getVideoPosition","decl":{"start":{"line":92,"column":22},"end":{"line":92,"column":65}},"loc":{"start":{"line":92,"column":65},"end":{"line":128,"column":null}},"line":92},"9":{"name":"(anonymous_9)","decl":{"start":{"line":94,"column":15},"end":{"line":94,"column":24}},"loc":{"start":{"line":94,"column":36},"end":{"line":126,"column":null}},"line":94},"10":{"name":"(anonymous_10)","decl":{"start":{"line":98,"column":16},"end":{"line":98,"column":31}},"loc":{"start":{"line":98,"column":31},"end":{"line":100,"column":null}},"line":98},"11":{"name":"(anonymous_11)","decl":{"start":{"line":102,"column":16},"end":{"line":102,"column":25}},"loc":{"start":{"line":102,"column":34},"end":{"line":104,"column":null}},"line":102},"12":{"name":"(anonymous_12)","decl":{"start":{"line":106,"column":16},"end":{"line":106,"column":29}},"loc":{"start":{"line":106,"column":29},"end":{"line":113,"column":null}},"line":106},"13":{"name":"(anonymous_13)","decl":{"start":{"line":115,"column":46},"end":{"line":115,"column":54}},"loc":{"start":{"line":115,"column":54},"end":{"line":120,"column":null}},"line":115},"14":{"name":"(anonymous_14)","decl":{"start":{"line":122,"column":24},"end":{"line":122,"column":36}},"loc":{"start":{"line":122,"column":36},"end":{"line":125,"column":null}},"line":122},"15":{"name":"pauseVideo","decl":{"start":{"line":135,"column":22},"end":{"line":135,"column":50}},"loc":{"start":{"line":135,"column":50},"end":{"line":140,"column":null}},"line":135},"16":{"name":"playVideo","decl":{"start":{"line":147,"column":22},"end":{"line":147,"column":49}},"loc":{"start":{"line":147,"column":49},"end":{"line":152,"column":null}},"line":147}},"branchMap":{"0":{"loc":{"start":{"line":30,"column":8},"end":{"line":31,"column":null}},"type":"if","locations":[{"start":{"line":30,"column":8},"end":{"line":31,"column":null}},{"start":{},"end":{}}],"line":30},"1":{"loc":{"start":{"line":65,"column":4},"end":{"line":78,"column":null}},"type":"if","locations":[{"start":{"line":65,"column":4},"end":{"line":78,"column":null}},{"start":{"line":77,"column":11},"end":{"line":78,"column":null}}],"line":65},"2":{"loc":{"start":{"line":68,"column":6},"end":{"line":75,"column":null}},"type":"if","locations":[{"start":{"line":68,"column":6},"end":{"line":75,"column":null}},{"start":{"line":71,"column":17},"end":{"line":75,"column":null}}],"line":68},"3":{"loc":{"start":{"line":71,"column":17},"end":{"line":75,"column":null}},"type":"if","locations":[{"start":{"line":71,"column":17},"end":{"line":75,"column":null}},{"start":{"line":74,"column":13},"end":{"line":75,"column":null}}],"line":71},"4":{"loc":{"start":{"line":109,"column":18},"end":{"line":109,"column":40}},"type":"binary-expr","locations":[{"start":{"line":109,"column":18},"end":{"line":109,"column":35}},{"start":{"line":109,"column":35},"end":{"line":109,"column":40}}],"line":109}},"s":{"0":1,"1":0,"2":0,"3":0,"4":0,"5":0,"6":0,"7":0,"8":0,"9":0,"10":0,"11":0,"12":0,"13":0,"14":0,"15":0,"16":0,"17":0,"18":0,"19":0,"20":0,"21":0,"22":0,"23":0,"24":0,"25":0,"26":0,"27":0,"28":0,"29":0,"30":0,"31":0,"32":0,"33":0,"34":0,"35":0,"36":0,"37":0,"38":0,"39":0,"40":0,"41":0,"42":0,"43":0,"44":0,"45":0,"46":0,"47":0,"48":0,"49":0,"50":0,"51":0,"52":0,"53":0,"54":0,"55":0,"56":0,"57":0,"58":0,"59":0,"60":0,"61":0,"62":0,"63":0,"64":0,"65":0,"66":0,"67":0},"f":{"0":0,"1":0,"2":0,"3":0,"4":0,"5":0,"6":0,"7":0,"8":0,"9":0,"10":0,"11":0,"12":0,"13":0,"14":0,"15":0,"16":0},"b":{"0":[0,0],"1":[0,0],"2":[0,0],"3":[0,0],"4":[0,0]},"meta":{"lastBranch":5,"lastFunction":17,"lastStatement":68,"seen":{"s:8:24:8:Infinity":0,"f:13:15:13:30":0,"s:14:2:54:Infinity":1,"f:14:13:14:22":1,"s:15:19:15:31":2,"s:16:23:16:Infinity":3,"s:18:4:21:Infinity":4,"f:18:14:18:24":2,"s:19:6:19:Infinity":5,"s:20:6:20:Infinity":6,"s:23:4:25:Infinity":7,"f:23:14:23:23":3,"s:24:6:24:Infinity":8,"s:27:4:38:Infinity":9,"f:27:14:27:27":4,"s:28:6:36:Infinity":10,"s:29:25:29:49":11,"b:30:8:31:Infinity:undefined:undefined:undefined:undefined":0,"s:30:8:31:Infinity":12,"s:31:10:31:Infinity":13,"s:33:8:33:Infinity":14,"s:35:8:35:Infinity":15,"s:36:8:36:Infinity":16,"s:40:4:40:Infinity":17,"s:41:4:46:Infinity":18,"f:41:44:41:52":5,"s:42:6:42:Infinity":19,"s:43:22:43:Infinity":20,"s:44:6:44:Infinity":21,"s:45:6:45:Infinity":22,"s:49:4:53:Infinity":23,"f:49:22:49:34":6,"s:50:6:50:Infinity":24,"s:51:6:51:Infinity":25,"s:52:6:52:Infinity":26,"f:61:22:61:32":7,"s:62:2:84:Infinity":27,"b:65:4:78:Infinity:77:11:78:Infinity":1,"s:65:4:78:Infinity":28,"s:67:20:67:52":29,"b:68:6:75:Infinity:71:17:75:Infinity":2,"s:68:6:75:Infinity":30,"s:70:8:70:Infinity":31,"b:71:17:75:Infinity:74:13:75:Infinity":3,"s:71:17:75:Infinity":32,"s:73:8:73:Infinity":33,"s:75:8:75:Infinity":34,"s:78:6:78:Infinity":35,"s:81:4:81:Infinity":36,"s:82:4:82:Infinity":37,"s:84:4:84:Infinity":38,"f:92:22:92:65":8,"s:93:2:128:Infinity":39,"s:94:4:126:Infinity":40,"f:94:15:94:24":9,"s:95:21:95:33":41,"s:96:25:96:Infinity":42,"s:98:6:100:Infinity":43,"f:98:16:98:31":10,"s:99:8:99:Infinity":44,"s:102:6:104:Infinity":45,"f:102:16:102:25":11,"s:103:8:103:Infinity":46,"s:106:6:113:Infinity":47,"f:106:16:106:29":12,"s:107:8:111:Infinity":48,"s:108:27:108:51":49,"s:109:10:109:Infinity":50,"b:109:18:109:35:109:35:109:40":4,"s:111:10:111:Infinity":51,"s:115:6:120:Infinity":52,"f:115:46:115:54":13,"s:117:10:117:Infinity":53,"s:118:8:118:Infinity":54,"s:119:8:119:Infinity":55,"s:122:6:125:Infinity":56,"f:122:24:122:36":14,"s:123:8:123:Infinity":57,"s:124:8:124:Infinity":58,"s:128:4:128:Infinity":59,"f:135:22:135:50":15,"s:136:2:140:Infinity":60,"s:137:4:137:Infinity":61,"s:138:4:138:Infinity":62,"s:140:4:140:Infinity":63,"f:147:22:147:49":16,"s:148:2:152:Infinity":64,"s:149:4:149:Infinity":65,"s:150:4:150:Infinity":66,"s:152:4:152:Infinity":67}}}
,"/Users/kylehouston/Documents/dev/pauhana-media/src/wled.ts": {"path":"/Users/kylehouston/Documents/dev/pauhana-media/src/wled.ts","statementMap":{"0":{"start":{"line":24,"column":4},"end":{"line":24,"column":null}},"1":{"start":{"line":25,"column":4},"end":{"line":29,"column":null}},"2":{"start":{"line":30,"column":4},"end":{"line":30,"column":null}},"3":{"start":{"line":34,"column":4},"end":{"line":34,"column":null}},"4":{"start":{"line":35,"column":4},"end":{"line":38,"column":null}},"5":{"start":{"line":36,"column":6},"end":{"line":36,"column":null}},"6":{"start":{"line":38,"column":6},"end":{"line":38,"column":null}},"7":{"start":{"line":40,"column":4},"end":{"line":40,"column":null}},"8":{"start":{"line":46,"column":4},"end":{"line":48,"column":null}},"9":{"start":{"line":47,"column":17},"end":{"line":47,"column":54}},"10":{"start":{"line":50,"column":4},"end":{"line":56,"column":null}},"11":{"start":{"line":51,"column":6},"end":{"line":53,"column":null}},"12":{"start":{"line":52,"column":8},"end":{"line":53,"column":null}},"13":{"start":{"line":53,"column":10},"end":{"line":53,"column":null}},"14":{"start":{"line":61,"column":4},"end":{"line":64,"column":null}},"15":{"start":{"line":62,"column":6},"end":{"line":62,"column":null}},"16":{"start":{"line":64,"column":6},"end":{"line":64,"column":null}},"17":{"start":{"line":70,"column":4},"end":{"line":73,"column":null}},"18":{"start":{"line":71,"column":6},"end":{"line":71,"column":null}},"19":{"start":{"line":73,"column":6},"end":{"line":73,"column":null}},"20":{"start":{"line":78,"column":4},"end":{"line":90,"column":null}},"21":{"start":{"line":79,"column":6},"end":{"line":90,"column":null}},"22":{"start":{"line":80,"column":20},"end":{"line":84,"column":null}},"23":{"start":{"line":86,"column":8},"end":{"line":87,"column":null}},"24":{"start":{"line":87,"column":10},"end":{"line":87,"column":null}},"25":{"start":{"line":90,"column":8},"end":{"line":90,"column":null}},"26":{"start":{"line":93,"column":4},"end":{"line":93,"column":null}},"27":{"start":{"line":98,"column":4},"end":{"line":98,"column":null}},"28":{"start":{"line":99,"column":10},"end":{"line":99,"column":null}},"29":{"start":{"line":100,"column":4},"end":{"line":104,"column":null}},"30":{"start":{"line":101,"column":21},"end":{"line":101,"column":77}},"31":{"start":{"line":101,"column":50},"end":{"line":101,"column":77}},"32":{"start":{"line":102,"column":6},"end":{"line":102,"column":null}},"33":{"start":{"line":102,"column":19},"end":{"line":102,"column":null}},"34":{"start":{"line":103,"column":12},"end":{"line":103,"column":null}},"35":{"start":{"line":104,"column":6},"end":{"line":104,"column":null}},"36":{"start":{"line":106,"column":4},"end":{"line":106,"column":null}},"37":{"start":{"line":111,"column":4},"end":{"line":111,"column":null}},"38":{"start":{"line":112,"column":10},"end":{"line":112,"column":null}},"39":{"start":{"line":113,"column":4},"end":{"line":117,"column":null}},"40":{"start":{"line":114,"column":21},"end":{"line":114,"column":79}},"41":{"start":{"line":114,"column":52},"end":{"line":114,"column":79}},"42":{"start":{"line":115,"column":6},"end":{"line":115,"column":null}},"43":{"start":{"line":115,"column":19},"end":{"line":115,"column":null}},"44":{"start":{"line":116,"column":12},"end":{"line":116,"column":null}},"45":{"start":{"line":117,"column":6},"end":{"line":117,"column":null}},"46":{"start":{"line":119,"column":4},"end":{"line":119,"column":null}},"47":{"start":{"line":124,"column":4},"end":{"line":126,"column":null}},"48":{"start":{"line":125,"column":32},"end":{"line":125,"column":null}},"49":{"start":{"line":126,"column":6},"end":{"line":126,"column":null}},"50":{"start":{"line":128,"column":4},"end":{"line":128,"column":null}},"51":{"start":{"line":132,"column":27},"end":{"line":132,"column":44}}},"fnMap":{"0":{"name":"(anonymous_0)","decl":{"start":{"line":23,"column":2},"end":{"line":23,"column":16}},"loc":{"start":{"line":23,"column":16},"end":{"line":30,"column":null}},"line":23},"1":{"name":"(anonymous_1)","decl":{"start":{"line":33,"column":8},"end":{"line":33,"column":42}},"loc":{"start":{"line":33,"column":42},"end":{"line":40,"column":null}},"line":33},"2":{"name":"(anonymous_2)","decl":{"start":{"line":44,"column":2},"end":{"line":44,"column":14}},"loc":{"start":{"line":44,"column":64},"end":{"line":56,"column":null}},"line":44},"3":{"name":"(anonymous_3)","decl":{"start":{"line":46,"column":28},"end":{"line":46,"column":null}},"loc":{"start":{"line":47,"column":17},"end":{"line":47,"column":54}},"line":47},"4":{"name":"(anonymous_4)","decl":{"start":{"line":50,"column":17},"end":{"line":50,"column":26}},"loc":{"start":{"line":50,"column":37},"end":{"line":56,"column":null}},"line":50},"5":{"name":"(anonymous_5)","decl":{"start":{"line":60,"column":8},"end":{"line":60,"column":20}},"loc":{"start":{"line":60,"column":72},"end":{"line":64,"column":null}},"line":60},"6":{"name":"(anonymous_6)","decl":{"start":{"line":69,"column":8},"end":{"line":69,"column":17}},"loc":{"start":{"line":69,"column":69},"end":{"line":73,"column":null}},"line":69},"7":{"name":"(anonymous_7)","decl":{"start":{"line":77,"column":8},"end":{"line":77,"column":41}},"loc":{"start":{"line":77,"column":41},"end":{"line":93,"column":null}},"line":77},"8":{"name":"(anonymous_8)","decl":{"start":{"line":97,"column":8},"end":{"line":97,"column":38}},"loc":{"start":{"line":97,"column":38},"end":{"line":106,"column":null}},"line":97},"9":{"name":"(anonymous_9)","decl":{"start":{"line":101,"column":38},"end":{"line":101,"column":44}},"loc":{"start":{"line":101,"column":50},"end":{"line":101,"column":77}},"line":101},"10":{"name":"(anonymous_10)","decl":{"start":{"line":110,"column":8},"end":{"line":110,"column":37}},"loc":{"start":{"line":110,"column":37},"end":{"line":119,"column":null}},"line":110},"11":{"name":"(anonymous_11)","decl":{"start":{"line":114,"column":40},"end":{"line":114,"column":46}},"loc":{"start":{"line":114,"column":52},"end":{"line":114,"column":79}},"line":114},"12":{"name":"(anonymous_12)","decl":{"start":{"line":123,"column":8},"end":{"line":123,"column":31}},"loc":{"start":{"line":123,"column":31},"end":{"line":128,"column":null}},"line":123}},"branchMap":{"0":{"loc":{"start":{"line":35,"column":4},"end":{"line":38,"column":null}},"type":"if","locations":[{"start":{"line":35,"column":4},"end":{"line":38,"column":null}},{"start":{"line":37,"column":11},"end":{"line":38,"column":null}}],"line":35},"1":{"loc":{"start":{"line":44,"column":14},"end":{"line":44,"column":56}},"type":"default-arg","locations":[{"start":{"line":44,"column":54},"end":{"line":44,"column":56}}],"line":44},"2":{"loc":{"start":{"line":52,"column":8},"end":{"line":53,"column":null}},"type":"if","locations":[{"start":{"line":52,"column":8},"end":{"line":53,"column":null}},{"start":{},"end":{}}],"line":52},"3":{"loc":{"start":{"line":86,"column":8},"end":{"line":87,"column":null}},"type":"if","locations":[{"start":{"line":86,"column":8},"end":{"line":87,"column":null}},{"start":{},"end":{}}],"line":86},"4":{"loc":{"start":{"line":102,"column":6},"end":{"line":102,"column":null}},"type":"if","locations":[{"start":{"line":102,"column":6},"end":{"line":102,"column":null}},{"start":{},"end":{}}],"line":102},"5":{"loc":{"start":{"line":103,"column":12},"end":{"line":103,"column":null}},"type":"binary-expr","locations":[{"start":{"line":103,"column":12},"end":{"line":103,"column":66}},{"start":{"line":103,"column":66},"end":{"line":103,"column":null}}],"line":103},"6":{"loc":{"start":{"line":115,"column":6},"end":{"line":115,"column":null}},"type":"if","locations":[{"start":{"line":115,"column":6},"end":{"line":115,"column":null}},{"start":{},"end":{}}],"line":115},"7":{"loc":{"start":{"line":116,"column":12},"end":{"line":116,"column":null}},"type":"binary-expr","locations":[{"start":{"line":116,"column":12},"end":{"line":116,"column":66}},{"start":{"line":116,"column":66},"end":{"line":116,"column":null}}],"line":116}},"s":{"0":1,"1":1,"2":1,"3":0,"4":0,"5":0,"6":0,"7":0,"8":0,"9":0,"10":0,"11":0,"12":0,"13":0,"14":0,"15":0,"16":0,"17":0,"18":0,"19":0,"20":0,"21":0,"22":0,"23":0,"24":0,"25":0,"26":0,"27":0,"28":0,"29":0,"30":0,"31":0,"32":0,"33":0,"34":0,"35":0,"36":0,"37":0,"38":0,"39":0,"40":0,"41":0,"42":0,"43":0,"44":0,"45":0,"46":0,"47":0,"48":0,"49":0,"50":0,"51":1},"f":{"0":1,"1":0,"2":0,"3":0,"4":0,"5":0,"6":0,"7":0,"8":0,"9":0,"10":0,"11":0,"12":0},"b":{"0":[0,0],"1":[0],"2":[0,0],"3":[0,0],"4":[0,0],"5":[0,0],"6":[0,0],"7":[0,0]},"meta":{"lastBranch":8,"lastFunction":13,"lastStatement":52,"seen":{"f:23:2:23:16":0,"s:24:4:24:Infinity":0,"s:25:4:29:Infinity":1,"s:30:4:30:Infinity":2,"f:33:8:33:42":1,"s:34:4:34:Infinity":3,"b:35:4:38:Infinity:37:11:38:Infinity":0,"s:35:4:38:Infinity":4,"s:36:6:36:Infinity":5,"s:38:6:38:Infinity":6,"s:40:4:40:Infinity":7,"f:44:2:44:14":2,"b:44:54:44:56":1,"s:46:4:48:Infinity":8,"f:46:28:46:Infinity":3,"s:47:17:47:54":9,"s:50:4:56:Infinity":10,"f:50:17:50:26":4,"s:51:6:53:Infinity":11,"b:52:8:53:Infinity:undefined:undefined:undefined:undefined":2,"s:52:8:53:Infinity":12,"s:53:10:53:Infinity":13,"f:60:8:60:20":5,"s:61:4:64:Infinity":14,"s:62:6:62:Infinity":15,"s:64:6:64:Infinity":16,"f:69:8:69:17":6,"s:70:4:73:Infinity":17,"s:71:6:71:Infinity":18,"s:73:6:73:Infinity":19,"f:77:8:77:41":7,"s:78:4:90:Infinity":20,"s:79:6:90:Infinity":21,"s:80:20:84:Infinity":22,"b:86:8:87:Infinity:undefined:undefined:undefined:undefined":3,"s:86:8:87:Infinity":23,"s:87:10:87:Infinity":24,"s:90:8:90:Infinity":25,"s:93:4:93:Infinity":26,"f:97:8:97:38":8,"s:98:4:98:Infinity":27,"s:99:10:99:Infinity":28,"s:100:4:104:Infinity":29,"s:101:21:101:77":30,"f:101:38:101:44":9,"s:101:50:101:77":31,"b:102:6:102:Infinity:undefined:undefined:undefined:undefined":4,"s:102:6:102:Infinity":32,"s:102:19:102:Infinity":33,"s:103:12:103:Infinity":34,"b:103:12:103:66:103:66:103:Infinity":5,"s:104:6:104:Infinity":35,"s:106:4:106:Infinity":36,"f:110:8:110:37":10,"s:111:4:111:Infinity":37,"s:112:10:112:Infinity":38,"s:113:4:117:Infinity":39,"s:114:21:114:79":40,"f:114:40:114:46":11,"s:114:52:114:79":41,"b:115:6:115:Infinity:undefined:undefined:undefined:undefined":6,"s:115:6:115:Infinity":42,"s:115:19:115:Infinity":43,"s:116:12:116:Infinity":44,"b:116:12:116:66:116:66:116:Infinity":7,"s:117:6:117:Infinity":45,"s:119:4:119:Infinity":46,"f:123:8:123:31":12,"s:124:4:126:Infinity":47,"s:125:32:125:Infinity":48,"s:126:6:126:Infinity":49,"s:128:4:128:Infinity":50,"s:132:27:132:44":51}}}
,"/Users/kylehouston/Documents/dev/pauhana-media/src/common/constants.ts": {"path":"/Users/kylehouston/Documents/dev/pauhana-media/src/common/constants.ts","statementMap":{"0":{"start":{"line":3,"column":27},"end":{"line":3,"column":null}},"1":{"start":{"line":4,"column":28},"end":{"line":4,"column":null}},"2":{"start":{"line":5,"column":31},"end":{"line":5,"column":null}},"3":{"start":{"line":6,"column":42},"end":{"line":6,"column":null}},"4":{"start":{"line":7,"column":42},"end":{"line":7,"column":null}},"5":{"start":{"line":16,"column":55},"end":{"line":29,"column":null}}},"fnMap":{},"branchMap":{},"s":{"0":1,"1":1,"2":1,"3":1,"4":1,"5":1},"f":{},"b":{},"meta":{"lastBranch":0,"lastFunction":0,"lastStatement":6,"seen":{"s:3:27:3:Infinity":0,"s:4:28:4:Infinity":1,"s:5:31:5:Infinity":2,"s:6:42:6:Infinity":3,"s:7:42:7:Infinity":4,"s:16:55:29:Infinity":5}}}
,"/Users/kylehouston/Documents/dev/pauhana-media/src/common/helpers.ts": {"path":"/Users/kylehouston/Documents/dev/pauhana-media/src/common/helpers.ts","statementMap":{"0":{"start":{"line":2,"column":2},"end":{"line":2,"column":null}},"1":{"start":{"line":2,"column":28},"end":{"line":2,"column":45}}},"fnMap":{"0":{"name":"sleep","decl":{"start":{"line":1,"column":16},"end":{"line":1,"column":22}},"loc":{"start":{"line":1,"column":49},"end":{"line":2,"column":null}},"line":1},"1":{"name":"(anonymous_1)","decl":{"start":{"line":2,"column":13},"end":{"line":2,"column":22}},"loc":{"start":{"line":2,"column":28},"end":{"line":2,"column":45}},"line":2}},"branchMap":{},"s":{"0":0,"1":0},"f":{"0":0,"1":0},"b":{},"meta":{"lastBranch":0,"lastFunction":2,"lastStatement":2,"seen":{"f:1:16:1:22":0,"s:2:2:2:Infinity":0,"f:2:13:2:22":1,"s:2:28:2:45":1}}}
,"/Users/kylehouston/Documents/dev/pauhana-media/src/json/wledStates.ts": {"path":"/Users/kylehouston/Documents/dev/pauhana-media/src/json/wledStates.ts","statementMap":{"0":{"start":{"line":61,"column":34},"end":{"line":158,"column":null}},"1":{"start":{"line":160,"column":39},"end":{"line":244,"column":null}}},"fnMap":{},"branchMap":{},"s":{"0":2,"1":2},"f":{},"b":{},"meta":{"lastBranch":0,"lastFunction":0,"lastStatement":2,"seen":{"s:61:34:158:Infinity":0,"s:160:39:244:Infinity":1}}}
,"/Users/kylehouston/Documents/dev/pauhana-media/src/utils/discoverWLED.ts": {"path":"/Users/kylehouston/Documents/dev/pauhana-media/src/utils/discoverWLED.ts","statementMap":{"0":{"start":{"line":8,"column":8},"end":{"line":8,"column":33}},"1":{"start":{"line":9,"column":14},"end":{"line":9,"column":72}},"2":{"start":{"line":9,"column":52},"end":{"line":9,"column":72}},"3":{"start":{"line":11,"column":18},"end":{"line":27,"column":null}},"4":{"start":{"line":14,"column":6},"end":{"line":22,"column":null}},"5":{"start":{"line":15,"column":20},"end":{"line":17,"column":null}},"6":{"start":{"line":19,"column":8},"end":{"line":20,"column":null}},"7":{"start":{"line":20,"column":10},"end":{"line":20,"column":null}},"8":{"start":{"line":25,"column":6},"end":{"line":25,"column":null}},"9":{"start":{"line":30,"column":2},"end":{"line":30,"column":null}},"10":{"start":{"line":30,"column":58},"end":{"line":30,"column":79}}},"fnMap":{"0":{"name":"discoverWLED","decl":{"start":{"line":7,"column":22},"end":{"line":7,"column":60}},"loc":{"start":{"line":7,"column":60},"end":{"line":30,"column":null}},"line":7},"1":{"name":"(anonymous_1)","decl":{"start":{"line":9,"column":40},"end":{"line":9,"column":43}},"loc":{"start":{"line":9,"column":52},"end":{"line":9,"column":72}},"line":9},"2":{"name":"(anonymous_2)","decl":{"start":{"line":13,"column":4},"end":{"line":13,"column":11}},"loc":{"start":{"line":13,"column":51},"end":{"line":27,"column":6}},"line":13},"3":{"name":"(anonymous_3)","decl":{"start":{"line":30,"column":17},"end":{"line":30,"column":25}},"loc":{"start":{"line":30,"column":58},"end":{"line":30,"column":79}},"line":30}},"branchMap":{"0":{"loc":{"start":{"line":19,"column":8},"end":{"line":20,"column":null}},"type":"if","locations":[{"start":{"line":19,"column":8},"end":{"line":20,"column":null}},{"start":{},"end":{}}],"line":19},"1":{"loc":{"start":{"line":20,"column":29},"end":{"line":20,"column":62}},"type":"binary-expr","locations":[{"start":{"line":20,"column":29},"end":{"line":20,"column":51}},{"start":{"line":20,"column":51},"end":{"line":20,"column":62}}],"line":20}},"s":{"0":0,"1":0,"2":0,"3":0,"4":0,"5":0,"6":0,"7":0,"8":0,"9":0,"10":0},"f":{"0":0,"1":0,"2":0,"3":0},"b":{"0":[0,0],"1":[0,0]},"meta":{"lastBranch":2,"lastFunction":4,"lastStatement":11,"seen":{"f:7:22:7:60":0,"s:8:8:8:33":0,"s:9:14:9:72":1,"f:9:40:9:43":1,"s:9:52:9:72":2,"s:11:18:27:Infinity":3,"f:13:4:13:11":2,"s:14:6:22:Infinity":4,"s:15:20:17:Infinity":5,"b:19:8:20:Infinity:undefined:undefined:undefined:undefined":0,"s:19:8:20:Infinity":6,"s:20:10:20:Infinity":7,"b:20:29:20:51:20:51:20:62":1,"s:25:6:25:Infinity":8,"s:30:2:30:Infinity":9,"f:30:17:30:25":3,"s:30:58:30:79":10}}}
,"/Users/kylehouston/Documents/dev/pauhana-media/src/utils/getLocalSubnet.ts": {"path":"/Users/kylehouston/Documents/dev/pauhana-media/src/utils/getLocalSubnet.ts","statementMap":{"0":{"start":{"line":5,"column":21},"end":{"line":5,"column":43}},"1":{"start":{"line":6,"column":2},"end":{"line":15,"column":null}},"2":{"start":{"line":7,"column":22},"end":{"line":7,"column":null}},"3":{"start":{"line":8,"column":4},"end":{"line":8,"column":null}},"4":{"start":{"line":8,"column":20},"end":{"line":8,"column":null}},"5":{"start":{"line":10,"column":4},"end":{"line":15,"column":null}},"6":{"start":{"line":12,"column":6},"end":{"line":15,"column":null}},"7":{"start":{"line":13,"column":24},"end":{"line":13,"column":48}},"8":{"start":{"line":15,"column":8},"end":{"line":15,"column":null}},"9":{"start":{"line":19,"column":2},"end":{"line":19,"column":null}}},"fnMap":{"0":{"name":"getLocalSubnet","decl":{"start":{"line":4,"column":16},"end":{"line":4,"column":41}},"loc":{"start":{"line":4,"column":41},"end":{"line":19,"column":null}},"line":4}},"branchMap":{"0":{"loc":{"start":{"line":8,"column":4},"end":{"line":8,"column":null}},"type":"if","locations":[{"start":{"line":8,"column":4},"end":{"line":8,"column":null}},{"start":{},"end":{}}],"line":8},"1":{"loc":{"start":{"line":12,"column":6},"end":{"line":15,"column":null}},"type":"if","locations":[{"start":{"line":12,"column":6},"end":{"line":15,"column":null}},{"start":{},"end":{}}],"line":12},"2":{"loc":{"start":{"line":12,"column":10},"end":{"line":12,"column":54}},"type":"binary-expr","locations":[{"start":{"line":12,"column":10},"end":{"line":12,"column":37}},{"start":{"line":12,"column":37},"end":{"line":12,"column":54}}],"line":12}},"s":{"0":0,"1":0,"2":0,"3":0,"4":0,"5":0,"6":0,"7":0,"8":0,"9":0},"f":{"0":0},"b":{"0":[0,0],"1":[0,0],"2":[0,0]},"meta":{"lastBranch":3,"lastFunction":1,"lastStatement":10,"seen":{"f:4:16:4:41":0,"s:5:21:5:43":0,"s:6:2:15:Infinity":1,"s:7:22:7:Infinity":2,"b:8:4:8:Infinity:undefined:undefined:undefined:undefined":0,"s:8:4:8:Infinity":3,"s:8:20:8:Infinity":4,"s:10:4:15:Infinity":5,"b:12:6:15:Infinity:undefined:undefined:undefined:undefined":1,"s:12:6:15:Infinity":6,"b:12:10:12:37:12:37:12:54":2,"s:13:24:13:48":7,"s:15:8:15:Infinity":8,"s:19:2:19:Infinity":9}}}
}
